Determining if the pthread_create exist failed with the following output:
Change Dir: /home/dongmin/Dev/SFND_Lidar_Obstacle_Detection/build/CMakeFiles/CMakeTmp

Run Build Command:"/usr/bin/make" "cmTC_1ea9d/fast"
/usr/bin/make -f CMakeFiles/cmTC_1ea9d.dir/build.make CMakeFiles/cmTC_1ea9d.dir/build
make[1]: Entering directory '/home/dongmin/Dev/SFND_Lidar_Obstacle_Detection/build/CMakeFiles/CMakeTmp'
Building C object CMakeFiles/cmTC_1ea9d.dir/CheckSymbolExists.c.o
/usr/bin/gcc-7    -o CMakeFiles/cmTC_1ea9d.dir/CheckSymbolExists.c.o   -c /home/dongmin/Dev/SFND_Lidar_Obstacle_Detection/build/CMakeFiles/CMakeTmp/CheckSymbolExists.c
Linking C executable cmTC_1ea9d
/usr/bin/cmake -E cmake_link_script CMakeFiles/cmTC_1ea9d.dir/link.txt --verbose=1
/usr/bin/gcc-7      -rdynamic CMakeFiles/cmTC_1ea9d.dir/CheckSymbolExists.c.o  -o cmTC_1ea9d 
CMakeFiles/cmTC_1ea9d.dir/CheckSymbolExists.c.o: In function `main':
CheckSymbolExists.c:(.text+0x1b): undefined reference to `pthread_create'
collect2: error: ld returned 1 exit status
CMakeFiles/cmTC_1ea9d.dir/build.make:97: recipe for target 'cmTC_1ea9d' failed
make[1]: *** [cmTC_1ea9d] Error 1
make[1]: Leaving directory '/home/dongmin/Dev/SFND_Lidar_Obstacle_Detection/build/CMakeFiles/CMakeTmp'
Makefile:126: recipe for target 'cmTC_1ea9d/fast' failed
make: *** [cmTC_1ea9d/fast] Error 2

File /home/dongmin/Dev/SFND_Lidar_Obstacle_Detection/build/CMakeFiles/CMakeTmp/CheckSymbolExists.c:
/* */
#include <pthread.h>

int main(int argc, char** argv)
{
  (void)argv;
#ifndef pthread_create
  return ((int*)(&pthread_create))[argc];
#else
  (void)argc;
  return 0;
#endif
}

Determining if the function pthread_create exists in the pthreads failed with the following output:
Change Dir: /home/dongmin/Dev/SFND_Lidar_Obstacle_Detection/build/CMakeFiles/CMakeTmp

Run Build Command:"/usr/bin/make" "cmTC_9232d/fast"
/usr/bin/make -f CMakeFiles/cmTC_9232d.dir/build.make CMakeFiles/cmTC_9232d.dir/build
make[1]: Entering directory '/home/dongmin/Dev/SFND_Lidar_Obstacle_Detection/build/CMakeFiles/CMakeTmp'
Building C object CMakeFiles/cmTC_9232d.dir/CheckFunctionExists.c.o
/usr/bin/gcc-7   -DCHECK_FUNCTION_EXISTS=pthread_create   -o CMakeFiles/cmTC_9232d.dir/CheckFunctionExists.c.o   -c /usr/share/cmake-3.10/Modules/CheckFunctionExists.c
Linking C executable cmTC_9232d
/usr/bin/cmake -E cmake_link_script CMakeFiles/cmTC_9232d.dir/link.txt --verbose=1
/usr/bin/gcc-7  -DCHECK_FUNCTION_EXISTS=pthread_create    -rdynamic CMakeFiles/cmTC_9232d.dir/CheckFunctionExists.c.o  -o cmTC_9232d -lpthreads 
/usr/bin/ld: cannot find -lpthreads
collect2: error: ld returned 1 exit status
CMakeFiles/cmTC_9232d.dir/build.make:97: recipe for target 'cmTC_9232d' failed
make[1]: *** [cmTC_9232d] Error 1
make[1]: Leaving directory '/home/dongmin/Dev/SFND_Lidar_Obstacle_Detection/build/CMakeFiles/CMakeTmp'
Makefile:126: recipe for target 'cmTC_9232d/fast' failed
make: *** [cmTC_9232d/fast] Error 2


